2017-12-25 09:16:33,394 - ryan-atm - INFO - Check account information
2017-12-25 09:16:51,189 - ryan-atm - INFO - Your cash withdrawal amount is 10000,The balance is 4500.0;
2017-12-25 09:16:51,189 - ryan-atm - INFO - Your cash withdrawal amount is 10000,The balance is 4500.0;
2017-12-25 09:17:06,234 - ryan-atm - INFO - Check account information
2017-12-25 09:17:06,234 - ryan-atm - INFO - Check account information
2017-12-25 09:17:06,234 - ryan-atm - INFO - Check account information
2017-12-25 09:17:30,561 - ryan-atm - INFO - your transfer user is nan,the transfer amount is  1000,The balance is 3500.0;
2017-12-25 09:17:30,561 - ryan-atm - INFO - your transfer user is nan,the transfer amount is  1000,The balance is 3500.0;
2017-12-25 09:17:30,561 - ryan-atm - INFO - your transfer user is nan,the transfer amount is  1000,The balance is 3500.0;
2017-12-25 09:17:30,561 - ryan-atm - INFO - your transfer user is nan,the transfer amount is  1000,The balance is 3500.0;
2017-12-25 09:17:39,686 - ryan-atm - INFO - your transfer user is nan,the transfer amount is  1000,The balance is 3500.0;
2017-12-25 09:17:39,686 - ryan-atm - INFO - your transfer user is nan,the transfer amount is  1000,The balance is 3500.0;
2017-12-25 09:17:39,686 - ryan-atm - INFO - your transfer user is nan,the transfer amount is  1000,The balance is 3500.0;
2017-12-25 09:17:39,686 - ryan-atm - INFO - your transfer user is nan,the transfer amount is  1000,The balance is 3500.0;
2017-12-25 09:17:39,686 - ryan-atm - INFO - your transfer user is nan,the transfer amount is  1000,The balance is 3500.0;
2017-12-25 09:21:01,197 - ryan-atm - INFO - your transfer user is nan,the transfer amount is  1000,The balance is 3500.0;
2017-12-25 09:21:18,544 - ryan-atm - INFO - your transfer user is nan,the transfer amount is  1000,The balance is 2500.0;
2017-12-25 09:21:18,544 - ryan-atm - INFO - your transfer user is nan,the transfer amount is  1000,The balance is 2500.0;
2017-12-25 09:21:22,285 - ryan-atm - INFO - Check account information
2017-12-25 09:21:22,285 - ryan-atm - INFO - Check account information
2017-12-25 09:21:22,285 - ryan-atm - INFO - Check account information
2017-12-25 09:21:30,595 - ryan-atm - INFO - Your repayment amount is 12500,The balance is 15000.0;
2017-12-25 09:21:30,595 - ryan-atm - INFO - Your repayment amount is 12500,The balance is 15000.0;
2017-12-25 09:21:30,595 - ryan-atm - INFO - Your repayment amount is 12500,The balance is 15000.0;
2017-12-25 09:21:30,595 - ryan-atm - INFO - Your repayment amount is 12500,The balance is 15000.0;
2017-12-27 13:41:32,706 - ryan-atm - INFO - delete commodify:bike,numbers: 1
2017-12-27 13:41:40,670 - ryan-atm - INFO - delete commodify:cup,numbers: 1
2017-12-27 13:41:40,670 - ryan-atm - INFO - delete commodify:cup,numbers: 1
2017-12-27 14:22:35,244 - ryan-atm - INFO - delete commodify:paper,balance increase: 2
2017-12-27 14:23:27,078 - ryan-atm - INFO - delete commodify:bird,balance increase: 50
2017-12-27 14:23:27,078 - ryan-atm - INFO - delete commodify:bird,balance increase: 50
